Traceback (most recent call last):
  File "/export/home/ccprak16/Documents/Linus/MMG/workspace/examples/12-h2of-anion.py", line 15, in <module>
    s.gen_wavefunction()
  File "/export/home/ccprak16/Documents/Linus/MMG/workspace/libqdmmg/simulate/simulation.py", line 146, in gen_wavefunction
    accept_gaussian = self.run_timesteps(generation=generation+1)
                      ^^^^^^^^^^^^^^^^^^^^^^^^^^^^^^^^^^^^^^^^^^^
  File "/export/home/ccprak16/Documents/Linus/MMG/workspace/libqdmmg/simulate/simulation.py", line 81, in run_timesteps
    self.eom_master.prepare_next_step(t, isInitial)
  File "/export/home/ccprak16/Documents/Linus/MMG/workspace/libqdmmg/simulate/eom_master.py", line 50, in prepare_next_step
    d_centre1, d_centre2 = eom.eom_centre(self.sim, self.sim.potential, self.sim.active_gaussian, t)
                           ^^^^^^^^^^^^^^^^^^^^^^^^^^^^^^^^^^^^^^^^^^^^^^^^^^^^^^^^^^^^^^^^^^^^^^^^^
  File "/export/home/ccprak16/Documents/Linus/MMG/workspace/libqdmmg/simulate/eom.py", line 89, in eom_centre
    int_uVxg_tensor[g,i] = pot_intor.int_request('int_uVxg', g1, g2, t, i, r_taylor=r_taylor)
                           ^^^^^^^^^^^^^^^^^^^^^^^^^^^^^^^^^^^^^^^^^^^^^^^^^^^^^^^^^^^^^^^^^^
  File "/export/home/ccprak16/Documents/Linus/MMG/workspace/libqdmmg/potential/potential.py", line 190, in int_request
    return self._int_uVxg(*args, **kwargs)
           ^^^^^^^^^^^^^^^^^^^^^^^^^^^^^^^
  File "/export/home/ccprak16/Documents/Linus/MMG/workspace/libqdmmg/potential/potential.py", line 331, in _int_uVxg
    v_const = self.potential.evaluate(r_taylor)
              ^^^^^^^^^^^^^^^^^^^^^^^^^^^^^^^^^
  File "/export/home/ccprak16/Documents/Linus/MMG/workspace/libqdmmg/potential/mol_potential.py", line 100, in evaluate
    self.calc_new_point(x)
  File "/export/home/ccprak16/Documents/Linus/MMG/workspace/libqdmmg/potential/mol_potential.py", line 92, in calc_new_point
    sp, g, h = _pyscf_api.joint_call(self.build_atom_string(geom=x), self.basis, self.charge, self.multiplicity-1, theory=self.theory, xc=self.xc)
               ^^^^^^^^^^^^^^^^^^^^^^^^^^^^^^^^^^^^^^^^^^^^^^^^^^^^^^^^^^^^^^^^^^^^^^^^^^^^^^^^^^^^^^^^^^^^^^^^^^^^^^^^^^^^^^^^^^^^^^^^^^^^^^^^^^^
  File "/export/home/ccprak16/Documents/Linus/MMG/workspace/libqdmmg/potential/_pyscf_api.py", line 38, in joint_call
    hess = theo.Hessian().kernel()
           ^^^^^^^^^^^^^^^^^^^^^^^
  File "/export/home/ccprak16/anaconda3/envs/lib-qdmmg/lib/python3.11/site-packages/pyscf/hessian/rhf.py", line 575, in kernel
    de = self.hess_elec(mo_energy, mo_coeff, mo_occ, atmlst=atmlst)
         ^^^^^^^^^^^^^^^^^^^^^^^^^^^^^^^^^^^^^^^^^^^^^^^^^^^^^^^^^^
  File "/export/home/ccprak16/anaconda3/envs/lib-qdmmg/lib/python3.11/site-packages/pyscf/hessian/rhf.py", line 59, in hess_elec
    mo1, mo_e1 = hessobj.solve_mo1(mo_energy, mo_coeff, mo_occ, h1ao,
                 ^^^^^^^^^^^^^^^^^^^^^^^^^^^^^^^^^^^^^^^^^^^^^^^^^^^^
  File "/export/home/ccprak16/anaconda3/envs/lib-qdmmg/lib/python3.11/site-packages/pyscf/hessian/rhf.py", line 559, in solve_mo1
    return solve_mo1(self.base, mo_energy, mo_coeff, mo_occ, h1ao_or_chkfile,
           ^^^^^^^^^^^^^^^^^^^^^^^^^^^^^^^^^^^^^^^^^^^^^^^^^^^^^^^^^^^^^^^^^^
  File "/export/home/ccprak16/anaconda3/envs/lib-qdmmg/lib/python3.11/site-packages/pyscf/hessian/rhf.py", line 343, in solve_mo1
    mo1, e1 = cphf.solve(fx, mo_energy, mo_occ, h1vo, s1vo)
              ^^^^^^^^^^^^^^^^^^^^^^^^^^^^^^^^^^^^^^^^^^^^^
  File "/export/home/ccprak16/anaconda3/envs/lib-qdmmg/lib/python3.11/site-packages/pyscf/scf/cphf.py", line 44, in solve
    return solve_withs1(fvind, mo_energy, mo_occ, h1, s1,
           ^^^^^^^^^^^^^^^^^^^^^^^^^^^^^^^^^^^^^^^^^^^^^^
  File "/export/home/ccprak16/anaconda3/envs/lib-qdmmg/lib/python3.11/site-packages/pyscf/scf/cphf.py", line 108, in solve_withs1
    mo1 = lib.krylov(vind_vo, mo1base.ravel(),
          ^^^^^^^^^^^^^^^^^^^^^^^^^^^^^^^^^^^^
  File "/export/home/ccprak16/anaconda3/envs/lib-qdmmg/lib/python3.11/site-packages/pyscf/lib/linalg_helper.py", line 1403, in krylov
    c = numpy.linalg.solve(h, g)
        ^^^^^^^^^^^^^^^^^^^^^^^^
  File "<__array_function__ internals>", line 200, in solve
  File "/export/home/ccprak16/anaconda3/envs/lib-qdmmg/lib/python3.11/site-packages/numpy/linalg/linalg.py", line 386, in solve
    r = gufunc(a, b, signature=signature, extobj=extobj)
        ^^^^^^^^^^^^^^^^^^^^^^^^^^^^^^^^^^^^^^^^^^^^^^^^
  File "/export/home/ccprak16/anaconda3/envs/lib-qdmmg/lib/python3.11/site-packages/numpy/linalg/linalg.py", line 89, in _raise_linalgerror_singular
    raise LinAlgError("Singular matrix")
numpy.linalg.LinAlgError: Singular matrix
