---  JOB DETAILS  ---
Slurm variables: 
SLURM_JOB_USER=ldittmer
SLURM_TASKS_PER_NODE=4
SLURM_JOB_UID=6042
SLURM_TASK_PID=26466
SLURM_LOCALID=0
SLURM_SUBMIT_DIR=/export/home/ldittmer/Documents/Linus/MMG/workspace/libqdmmg/gridchecks
SLURMD_NODENAME=Knecht07
SLURM_NODE_ALIASES=(null)
SLURM_CLUSTER_NAME=cc-cluster
SLURM_CPUS_ON_NODE=4
SLURM_JOB_CPUS_PER_NODE=4
SLURM_GTIDS=0
SLURM_JOB_PARTITION=long
SLURM_JOB_NUM_NODES=1
SLURM_JOBID=35149
SLURM_JOB_QOS=normal
SLURM_PROCID=0
SLURM_NTASKS=4
SLURM_TOPOLOGY_ADDR=Knecht07
SLURM_TOPOLOGY_ADDR_PATTERN=node
SLURM_MEM_PER_NODE=153600
SLURM_WORKING_CLUSTER=cc-cluster:ccserv1:6817:9216:109
SLURM_NODELIST=Knecht07
SLURM_JOB_ACCOUNT=cc
SLURM_PRIO_PROCESS=0
SLURM_NPROCS=4
SLURM_NNODES=1
SLURM_SUBMIT_HOST=ccserv1
SLURM_JOB_ID=35149
SLURM_NODEID=0
SLURM_CONF=/etc/slurm/slurm.conf
SLURM_JOB_NAME=gridcheck.sh
SLURM_JOB_GID=6000
SLURM_JOB_NODELIST=Knecht07
---


Setting up Directories...
Creating relevant scratch directories
Copying Python script to scratch
Preparing Python execution
Running Python script /scratch/ldittmer/gridcheck_id35149/gridcheck.py
Finished Running Python script
Finished
